
KINSOL starting step for time 0.500000
scsteptol used:        1e-30 
fnormtol  used:        1e-06 
KINSolInit nni=    0  fnorm=          78.18406388426493  nfe=     1 
KINSol nni=    1 fnorm=          41.65817508416123 nfe=     7
KINSol nni=    2 fnorm=          2.352473556643515 nfe=    12
KINSol nni=    3 fnorm=       0.005059748176440899 nfe=    17
KINSol nni=    4 fnorm=      3.504569118976121e-06 nfe=    22
KINSol return value 1
---KINSOL_SUCCESS

-------------------------------------------------- 
                    Iteration             Total
Nonlin. Its.:               4                 4
Lin. Its.:                 13                13
Func. Evals.:              22                22
PC Evals.:                  4                 4
PC Solves:                 17                17
Lin. Conv. Fails:           0                 0
Beta Cond. Fails:           0                 0
Backtracks:                 0                 0
-------------------------------------------------- 

KINSOL starting step for time 1.000000
scsteptol used:        1e-30 
fnormtol  used:        1e-06 
KINSolInit nni=    0  fnorm=           29.5664076959059  nfe=     1 
KINSol nni=    1 fnorm=          4.773012724405113 nfe=     7
KINSol nni=    2 fnorm=        0.04558106613291028 nfe=    12
KINSol nni=    3 fnorm=       8.99451514022445e-06 nfe=    17
KINSol nni=    4 fnorm=      9.417820409891948e-09 nfe=    22
KINSol return value 1
---KINSOL_SUCCESS

-------------------------------------------------- 
                    Iteration             Total
Nonlin. Its.:               4                 8
Lin. Its.:                 13                26
Func. Evals.:              22                44
PC Evals.:                  4                 8
PC Solves:                 17                34
Lin. Conv. Fails:           0                 0
Beta Cond. Fails:           0                 0
Backtracks:                 0                 0
-------------------------------------------------- 
